0 info it worked if it ends with ok
1 verbose cli [ 'C:\\Program Files\\nodejs\\node.exe',
1 verbose cli   'C:\\Program Files\\nodejs\\node_modules\\npm\\bin\\npm-cli.js',
1 verbose cli   'start' ]
2 info using npm@3.10.10
3 info using node@v7.2.1
4 verbose run-script [ 'prestart', 'start', 'poststart' ]
5 info lifecycle BootstrapAngularAdminWebApp@2.0.1~prestart: BootstrapAngularAdminWebApp@2.0.1
6 silly lifecycle BootstrapAngularAdminWebApp@2.0.1~prestart: no script for prestart, continuing
7 info lifecycle BootstrapAngularAdminWebApp@2.0.1~start: BootstrapAngularAdminWebApp@2.0.1
8 verbose lifecycle BootstrapAngularAdminWebApp@2.0.1~start: unsafe-perm in lifecycle true
9 verbose lifecycle BootstrapAngularAdminWebApp@2.0.1~start: PATH: C:\Program Files\nodejs\node_modules\npm\bin\node-gyp-bin;E:\CIED\template\node_modules\.bin;C:\ProgramData\Oracle\Java\javapath;C:\Perl64\site\bin;C:\Perl64\bin;C:\Windows\system32;C:\Windows;C:\Windows\System32\Wbem;C:\Windows\System32\WindowsPowerShell\v1.0\;C:\Users\vishn\AppData\Local\Microsoft\WindowsApps;C:\adb;C:\Program Files\Common Files\Autodesk Shared\;C:\Program Files\nodejs\;C:\Program Files\Git\cmd;C:\Program Files\Git\mingw64\bin;C:\Program Files\Git\usr\bin;C:\Ruby22-x64\bin;C:\Users\vishn\AppData\Local\Microsoft\WindowsApps;C:\Program Files (x86)\Microsoft VS Code\bin;C:\Users\vishn\AppData\Roaming\npm;C:\Users\vishn\AppData\Local\atom\bin;C:\Program Files\Heroku\bin
10 verbose lifecycle BootstrapAngularAdminWebApp@2.0.1~start: CWD: E:\CIED\template
11 silly lifecycle BootstrapAngularAdminWebApp@2.0.1~start: Args: [ '/d /s /c',
11 silly lifecycle   'node node_modules/http-server/bin/http-server -o' ]
12 silly lifecycle BootstrapAngularAdminWebApp@2.0.1~start: Returned: code: 3221225786  signal: null
13 info lifecycle BootstrapAngularAdminWebApp@2.0.1~start: Failed to exec start script
14 verbose stack Error: BootstrapAngularAdminWebApp@2.0.1 start: `node node_modules/http-server/bin/http-server -o`
14 verbose stack Exit status 3221225786
14 verbose stack     at EventEmitter.<anonymous> (C:\Program Files\nodejs\node_modules\npm\lib\utils\lifecycle.js:255:16)
14 verbose stack     at emitTwo (events.js:106:13)
14 verbose stack     at EventEmitter.emit (events.js:191:7)
14 verbose stack     at ChildProcess.<anonymous> (C:\Program Files\nodejs\node_modules\npm\lib\utils\spawn.js:40:14)
14 verbose stack     at emitTwo (events.js:106:13)
14 verbose stack     at ChildProcess.emit (events.js:191:7)
14 verbose stack     at maybeClose (internal/child_process.js:885:16)
14 verbose stack     at Process.ChildProcess._handle.onexit (internal/child_process.js:226:5)
15 verbose pkgid BootstrapAngularAdminWebApp@2.0.1
16 verbose cwd E:\CIED\template
17 error Windows_NT 10.0.14393
18 error argv "C:\\Program Files\\nodejs\\node.exe" "C:\\Program Files\\nodejs\\node_modules\\npm\\bin\\npm-cli.js" "start"
19 error node v7.2.1
20 error npm  v3.10.10
21 error code ELIFECYCLE
22 error BootstrapAngularAdminWebApp@2.0.1 start: `node node_modules/http-server/bin/http-server -o`
22 error Exit status 3221225786
23 error Failed at the BootstrapAngularAdminWebApp@2.0.1 start script 'node node_modules/http-server/bin/http-server -o'.
23 error Make sure you have the latest version of node.js and npm installed.
23 error If you do, this is most likely a problem with the BootstrapAngularAdminWebApp package,
23 error not with npm itself.
23 error Tell the author that this fails on your system:
23 error     node node_modules/http-server/bin/http-server -o
23 error You can get information on how to open an issue for this project with:
23 error     npm bugs BootstrapAngularAdminWebApp
23 error Or if that isn't available, you can get their info via:
23 error     npm owner ls BootstrapAngularAdminWebApp
23 error There is likely additional logging output above.
24 verbose exit [ 1, true ]
